2017-12-12 15:21:12,792 INFO - Starting main.py

2017-12-12 15:21:12,792 INFO - we are testing the printing

2017-12-12 15:21:47,126 INFO - ##########################################

2017-12-12 15:21:47,126 INFO - ### Git is already the newest version. ###

2017-12-12 15:21:47,126 INFO - ##########################################

2017-12-12 15:21:52,155 INFO - #################################

2017-12-12 15:21:52,155 INFO - ########Repository Cloned########

2017-12-12 15:21:52,156 INFO - #################################

2017-12-12 15:21:57,308 INFO - Stoping main.py



2017-12-12 15:22:02,587 INFO - Starting main.py

2017-12-12 15:22:02,587 INFO - we are testing the printing

2017-12-12 15:22:36,857 INFO - ##########################################

2017-12-12 15:22:36,857 INFO - ### Git is already the newest version. ###

2017-12-12 15:22:36,858 INFO - ##########################################

2017-12-12 15:22:38,582 INFO - #################################

2017-12-12 15:22:38,582 INFO - ####Repository Already Exists####

2017-12-12 15:22:38,582 INFO - #################################

2017-12-12 15:22:43,713 INFO - Stoping main.py



2017-12-12 15:28:46,287 INFO - Starting main.py

2017-12-12 15:28:46,288 INFO - we are testing the printing

2017-12-12 15:29:22,106 INFO - ##########################################

2017-12-12 15:29:22,107 INFO - ### Git is already the newest version. ###

2017-12-12 15:29:22,107 INFO - ##########################################

2017-12-12 15:29:23,770 INFO - #################################

2017-12-12 15:29:23,771 INFO - ####Repository Already Exists####

2017-12-12 15:29:23,771 INFO - #################################

2017-12-12 15:29:28,901 INFO - Stoping main.py



2017-12-12 15:31:33,781 INFO - Starting main.py

2017-12-12 15:31:33,781 INFO - we are testing the printing

2017-12-12 15:32:08,116 INFO - ##########################################

2017-12-12 15:32:08,117 INFO - ### Git is already the newest version. ###

2017-12-12 15:32:08,117 INFO - ##########################################

2017-12-12 15:32:09,878 INFO - #################################

2017-12-12 15:32:09,878 INFO - ####Repository Already Exists####

2017-12-12 15:32:09,878 INFO - #################################

2017-12-12 15:32:15,015 INFO - Stoping main.py



2017-12-12 15:39:05,755 INFO - Starting main.py

2017-12-12 15:39:05,755 INFO - we are testing the printing

2017-12-12 15:39:44,469 INFO - ##########################################

2017-12-12 15:39:44,470 INFO - ### Git is already the newest version. ###

2017-12-12 15:39:44,470 INFO - ##########################################

2017-12-12 15:39:46,192 INFO - #################################

2017-12-12 15:39:46,193 INFO - ####Repository Already Exists####

2017-12-12 15:39:46,193 INFO - #################################

2017-12-12 15:39:51,312 INFO - Stoping main.py



2017-12-12 15:42:03,301 INFO - Starting main.py

2017-12-12 15:42:03,301 INFO - we are testing the printing

2017-12-12 15:42:37,537 INFO - ##########################################

2017-12-12 15:42:37,538 INFO - ### Git is already the newest version. ###

2017-12-12 15:42:37,538 INFO - ##########################################

2017-12-12 15:42:39,288 INFO - #################################

2017-12-12 15:42:39,288 INFO - ####Repository Already Exists####

2017-12-12 15:42:39,288 INFO - #################################

2017-12-12 15:42:44,579 INFO - Stoping main.py



