2017-12-12 15:28:46,288 INFO - sshAutomation

2017-12-12 15:29:12,103 INFO - sshAutomation

2017-12-12 15:31:33,781 INFO - trying to SSH connection with 192.168.195.182

2017-12-12 15:31:39,248 INFO - SSH connection established to 192.168.195.182

2017-12-12 15:31:59,577 INFO - 
  System load:  0.0                Processes:             158
  Usage of /:   65.9% of 11.80GB   Users logged in:       1
  Memory usage: 9%                 IP address for eth0:   192.168.195.182
  Swap usage:   0%                 IP address for virbr0: 192.168.122.1

  Graph this data and manage this system at:
    https://landscape.canonical.com/

New release '16.04.3 LTS' available.
Run 'do-release-upgrade' to upgrade to it.

Your Hardware Enablement Stack (HWE) is supported until April 2019.
Last login: Tue Dec 12 15:28:53 2017 from incn1wsbhatna1.tellabs-west.tellabsinc.net
tellabs@Devstack:~$ sudo su -
[sudo] password for tellabs: 
tellabs$123

Sorry, try again.
[sudo] password for tellabs: 
root@Devstack:~# useradd -s /bin/bash -d /opt/shreynew -m shreynew
useradd: user 'shreynew' already exists
root@Devstack:~# 
root@Devstack:~# echo "shreynew ALL=(ALL) NOPASSWD: ALL" >> /etc/sudoers
root@Devstack:~# 
root@Devstack:~# passwd shreynew
Enter new UNIX password: 
Retype new UNIX password: 
passwd: password updated successfully
root@Devstack:~# 
root@Devstack:~# 

2017-12-12 15:31:59,608 INFO - SSH connection clossed for 192.168.195.182

2017-12-12 15:31:59,608 INFO - trying to SSH connection with 192.168.195.182

2017-12-12 15:32:05,047 INFO - SSH connection established to 192.168.195.182

2017-12-12 15:32:15,015 INFO - SSH connection clossed for 192.168.195.182

2017-12-12 15:39:05,755 INFO - trying to SSH connection with 192.168.195.182

2017-12-12 15:39:11,385 INFO - SSH connection established to 192.168.195.182

2017-12-12 15:39:31,652 INFO -  * Documentation:  https://help.ubuntu.com/

  System information as of Tue Dec 12 15:32:04 IST 2017

  System load:  0.0                Processes:             159
  Usage of /:   65.9% of 11.80GB   Users logged in:       1
  Memory usage: 9%                 IP address for eth0:   192.168.195.182
  Swap usage:   0%                 IP address for virbr0: 192.168.122.1

  Graph this data and manage this system at:
    https://landscape.canonical.com/

New release '16.04.3 LTS' available.
Run 'do-release-upgrade' to upgrade to it.

Your Hardware Enablement Stack (HWE) is supported until April 2019.
Last login: Tue Dec 12 15:31:40 2017 from incn1wsbhatna1.tellabs-west.tellabsinc.net
tellabs@Devstack:~$ sudo su -
[sudo] password for tellabs: 
Sorry, try again.
[sudo] password for tellabs: 
root@Devstack:~# useradd -s /bin/bash -d /opt/shreynew -m shreynew
useradd: user 'shreynew' already exists
root@Devstack:~# 
root@Devstack:~# echo "shreynew ALL=(ALL) NOPASSWD: ALL" >> /etc/sudoers
root@Devstack:~# 
root@Devstack:~# passwd shreynew
Enter new UNIX password: 
Retype new UNIX password: 
passwd: password updated successfully
root@Devstack:~# 
root@Devstack:~# 

2017-12-12 15:39:31,652 INFO - SSH connection clossed for 192.168.195.182


2017-12-12 15:39:31,765 INFO - trying to SSH connection with 192.168.195.182

2017-12-12 15:39:41,403 INFO - SSH connection established to 192.168.195.182

2017-12-12 15:39:51,198 INFO - SSH connection clossed for 192.168.195.182


2017-12-12 15:42:03,301 INFO - trying to SSH connection with 192.168.195.182

2017-12-12 15:42:08,814 INFO - SSH connection established to 192.168.195.182

2017-12-12 15:42:28,912 INFO -   Memory usage: 9%                 IP address for eth0:   192.168.195.182
  Swap usage:   0%                 IP address for virbr0: 192.168.122.1

  Graph this data and manage this system at:
    https://landscape.canonical.com/

New release '16.04.3 LTS' available.
Run 'do-release-upgrade' to upgrade to it.

Your Hardware Enablement Stack (HWE) is supported until April 2019.
Last login: Tue Dec 12 15:39:12 2017 from incn1wsbhatna1.tellabs-west.tellabsinc.net
tellabs@Devstack:~$ sudo su -
[sudo] password for tellabs: 
tellabs$123

Sorry, try again.
[sudo] password for tellabs: 
root@Devstack:~# useradd -s /bin/bash -d /opt/shreynew -m shreynew
useradd: user 'shreynew' already exists
root@Devstack:~# 
root@Devstack:~# echo "shreynew ALL=(ALL) NOPASSWD: ALL" >> /etc/sudoers
root@Devstack:~# 
root@Devstack:~# passwd shreynew
Enter new UNIX password: 
Retype new UNIX password: 
passwd: password updated successfully
root@Devstack:~# 
root@Devstack:~# 

2017-12-12 15:42:28,912 INFO - SSH connection clossed for 192.168.195.182


2017-12-12 15:42:29,025 INFO - trying to SSH connection with 192.168.195.182

2017-12-12 15:42:34,470 INFO - SSH connection established to 192.168.195.182

2017-12-12 15:42:44,465 INFO - SSH connection clossed for 192.168.195.182


